<?xml version="1.0" encoding="UTF-8"?>
<testng-results ignored="7" total="8" passed="1" failed="0" skipped="0">
  <reporter-output>
  </reporter-output>
  <suite started-at="2023-07-19T21:45:48 IST" name="Default suite" finished-at="2023-07-19T21:45:50 IST" duration-ms="1829">
    <groups>
    </groups>
    <test started-at="2023-07-19T21:45:48 IST" name="Default test" finished-at="2023-07-19T21:45:50 IST" duration-ms="1829">
      <class name="com.simplilearn.Restassureddemo.AppTest">
        <test-method signature="test7()[pri:0, instance:com.simplilearn.Restassureddemo.AppTest@5fdcaa40]" started-at="2023-07-19T21:45:48 IST" name="test7" finished-at="2023-07-19T21:45:50 IST" duration-ms="1806" status="PASS">
          <reporter-output>
          </reporter-output>
        </test-method> <!-- test7 -->
      </class> <!-- com.simplilearn.Restassureddemo.AppTest -->
    </test> <!-- Default test -->
  </suite> <!-- Default suite -->
</testng-results>
