<?xml version="1.0" encoding="UTF-8"?>
<!-- Generated by org.testng.reporters.JUnitXMLReporter -->
<testsuite ignored="7" hostname="DESKTOP-0A7DVIM" failures="0" tests="1" name="Default test" time="1.829" errors="0" timestamp="2023-07-19T21:45:50 IST">
  <testcase classname="com.simplilearn.Restassureddemo.AppTest" name="test7" time="1.806"/>
  <testcase classname="com.simplilearn.Restassureddemo.AppTest" name="test5" time="0.0">
    <ignored/>
  </testcase> <!-- test5 -->
  <testcase classname="com.simplilearn.Restassureddemo.AppTest" name="test4" time="0.0">
    <ignored/>
  </testcase> <!-- test4 -->
  <testcase classname="com.simplilearn.Restassureddemo.AppTest" name="test8" time="0.0">
    <ignored/>
  </testcase> <!-- test8 -->
  <testcase classname="com.simplilearn.Restassureddemo.AppTest" name="test3" time="0.0">
    <ignored/>
  </testcase> <!-- test3 -->
  <testcase classname="com.simplilearn.Restassureddemo.AppTest" name="test2" time="0.0">
    <ignored/>
  </testcase> <!-- test2 -->
  <testcase classname="com.simplilearn.Restassureddemo.AppTest" name="test6" time="0.0">
    <ignored/>
  </testcase> <!-- test6 -->
  <testcase classname="com.simplilearn.Restassureddemo.AppTest" name="test1" time="0.0">
    <ignored/>
  </testcase> <!-- test1 -->
</testsuite> <!-- Default test -->
